<?xml version="1.0" encoding="UTF-8"?>
<testsuite xmlns:xsi="http://www.w3.org/2001/XMLSchema-instance" xsi:noNamespaceSchemaLocation="https://maven.apache.org/surefire/maven-surefire-plugin/xsd/surefire-test-report-3.0.xsd" version="3.0" name="api.tests.UserCreationTest" time="2.043" tests="5" errors="0" skipped="0" failures="0">
  <properties>
[...]
</properties>
  <testcase name="createUserWithoutEmailFails" classname="api.tests.UserCreationTest" time="0.082"/>
  <testcase name="createDuplicateUserFails" classname="api.tests.UserCreationTest" time="0.914"/>
  <testcase name="createUserSuccessfully" classname="api.tests.UserCreationTest" time="0.814"/>
  <testcase name="createUserWithoutNameFails" classname="api.tests.UserCreationTest" time="0.105"/>
  <testcase name="createUserWithoutPasswordFails" classname="api.tests.UserCreationTest" time="0.121"/>
</testsuite>